<?xml version="1.0" encoding="UTF-8"?>
<testng-results ignored="0" total="1" passed="1" failed="0" skipped="0">
  <reporter-output>
  </reporter-output>
  <suite started-at="2024-04-26T15:46:11 IST" name="Class Testing" finished-at="2024-04-26T15:46:23 IST" duration-ms="11712">
    <groups>
      <group name="Regression">
        <method signature="EndToEndTest.endToEndTest()[pri:0, instance:com.demoshop.testcases.EndToEndTest@5bda8e08]" name="endToEndTest" class="com.demoshop.testcases.EndToEndTest"/>
      </group> <!-- Regression -->
    </groups>
    <test started-at="2024-04-26T15:46:11 IST" name="ClassTest" finished-at="2024-04-26T15:46:23 IST" duration-ms="11712">
      <class name="com.demoshop.testcases.EndToEndTest">
        <test-method is-config="true" signature="loadConfig()[pri:0, instance:com.demoshop.testcases.EndToEndTest@5bda8e08]" started-at="2024-04-26T15:46:11 IST" name="loadConfig" finished-at="2024-04-26T15:46:11 IST" duration-ms="279" status="PASS">
          <reporter-output>
          </reporter-output>
        </test-method> <!-- loadConfig -->
        <test-method is-config="true" signature="setUp(java.lang.String)[pri:0, instance:com.demoshop.testcases.EndToEndTest@5bda8e08]" started-at="2024-04-26T15:46:11 IST" name="setUp" finished-at="2024-04-26T15:46:14 IST" duration-ms="2792" status="PASS">
          <params>
            <param index="0">
              <value>
                <![CDATA[Chrome]]>
              </value>
            </param>
          </params>
          <reporter-output>
          </reporter-output>
        </test-method> <!-- setUp -->
        <test-method signature="endToEndTest()[pri:0, instance:com.demoshop.testcases.EndToEndTest@5bda8e08]" started-at="2024-04-26T15:46:14 IST" name="endToEndTest" finished-at="2024-04-26T15:46:23 IST" duration-ms="8869" status="PASS">
          <reporter-output>
          </reporter-output>
        </test-method> <!-- endToEndTest -->
        <test-method is-config="true" signature="tearDown()[pri:0, instance:com.demoshop.testcases.EndToEndTest@5bda8e08]" started-at="2024-04-26T15:46:23 IST" name="tearDown" finished-at="2024-04-26T15:46:23 IST" duration-ms="1" status="PASS">
          <reporter-output>
          </reporter-output>
        </test-method> <!-- tearDown -->
        <test-method is-config="true" signature="AfterSuite()[pri:0, instance:com.demoshop.testcases.EndToEndTest@5bda8e08]" started-at="2024-04-26T15:46:23 IST" name="AfterSuite" finished-at="2024-04-26T15:46:24 IST" duration-ms="795" status="PASS">
          <reporter-output>
          </reporter-output>
        </test-method> <!-- AfterSuite -->
      </class> <!-- com.demoshop.testcases.EndToEndTest -->
    </test> <!-- ClassTest -->
  </suite> <!-- Class Testing -->
</testng-results>
