<?xml version="1.0" encoding="UTF-8"?>
<!-- Generated by org.testng.reporters.JUnitXMLReporter -->
<testsuite ignored="0" hostname="Jagadesh" failures="0" tests="3" name="EdgeBrowserTest" time="16.353" errors="0" timestamp="2024-04-24T17:30:26 IST">
  <testcase classname="com.demoshop.testcases.HomePageTest" name="verifyLogo" time="0.151"/>
  <testcase classname="com.demoshop.testcases.HomePageTest" name="verifyTitleOfThePage" time="0.02"/>
  <testcase classname="com.demoshop.testcases.HomePageTest" name="verifyWishList" time="1.979"/>
</testsuite> <!-- EdgeBrowserTest -->
